07/07/2024 11:35:04 PM INFO       log.<module>: Inicializado.
07/07/2024 11:35:04 PM INFO       __init__.<module>: True	<PGInspector>
07/07/2024 11:35:04 PM INFO       __init__.<module>: True	<UserRoles>
07/07/2024 11:35:04 PM INFO       __init__.<module>: True	<UserProfiles>
07/07/2024 11:35:04 PM INFO       __init__.<module>: True	<UserAccounts>
07/07/2024 11:35:04 PM INFO       __init__.<module>: True	<Comments>
07/07/2024 11:35:04 PM INFO       __init__.<module>: True	<Uploads>
07/07/2024 11:35:04 PM INFO       __init__.<module>: True	<Modules>
07/07/2024 11:35:04 PM INFO       __init__.<module>: True	<UserActions>
07/07/2024 11:35:04 PM INFO       __init__.<module>: True	<Resources>
07/07/2024 11:35:04 PM INFO       __init__.<module>: True	<ViewsControlAccess>
07/07/2024 11:37:42 PM ERROR      session.database: application.html
Traceback (most recent call last):
  File "/fastapi/server/application/src/core/database/session.py", line 24, in database
    yield database
  File "/usr/local/lib/python3.9/site-packages/fastapi/routing.py", line 278, in app
    raw_response = await run_endpoint_function(
  File "/usr/local/lib/python3.9/site-packages/fastapi/routing.py", line 191, in run_endpoint_function
    return await dependant.call(**values)
  File "/fastapi/server/application/src/api/v1/routers/modules/view.py", line 20, in root
    return template.TemplateResponse(
  File "/usr/local/lib/python3.9/site-packages/starlette/templating.py", line 229, in TemplateResponse
    template = self.get_template(name)
  File "/usr/local/lib/python3.9/site-packages/starlette/templating.py", line 143, in get_template
    return self.env.get_template(name)
  File "/usr/local/lib/python3.9/site-packages/jinja2/environment.py", line 1013, in get_template
    return self._load_template(name, globals)
  File "/usr/local/lib/python3.9/site-packages/jinja2/environment.py", line 972, in _load_template
    template = self.loader.load(self, name, self.make_globals(globals))
  File "/usr/local/lib/python3.9/site-packages/jinja2/loaders.py", line 126, in load
    source, filename, uptodate = self.get_source(environment, name)
  File "/usr/local/lib/python3.9/site-packages/jinja2/loaders.py", line 207, in get_source
    raise TemplateNotFound(template)
jinja2.exceptions.TemplateNotFound: application.html
07/07/2024 11:38:14 PM ERROR      session.database: application.html
Traceback (most recent call last):
  File "/fastapi/server/application/src/core/database/session.py", line 24, in database
    yield database
  File "/usr/local/lib/python3.9/site-packages/fastapi/routing.py", line 278, in app
    raw_response = await run_endpoint_function(
  File "/usr/local/lib/python3.9/site-packages/fastapi/routing.py", line 191, in run_endpoint_function
    return await dependant.call(**values)
  File "/fastapi/server/application/src/api/v1/routers/modules/view.py", line 20, in root
    return template.TemplateResponse(
  File "/usr/local/lib/python3.9/site-packages/starlette/templating.py", line 229, in TemplateResponse
    template = self.get_template(name)
  File "/usr/local/lib/python3.9/site-packages/starlette/templating.py", line 143, in get_template
    return self.env.get_template(name)
  File "/usr/local/lib/python3.9/site-packages/jinja2/environment.py", line 1013, in get_template
    return self._load_template(name, globals)
  File "/usr/local/lib/python3.9/site-packages/jinja2/environment.py", line 972, in _load_template
    template = self.loader.load(self, name, self.make_globals(globals))
  File "/usr/local/lib/python3.9/site-packages/jinja2/loaders.py", line 126, in load
    source, filename, uptodate = self.get_source(environment, name)
  File "/usr/local/lib/python3.9/site-packages/jinja2/loaders.py", line 207, in get_source
    raise TemplateNotFound(template)
jinja2.exceptions.TemplateNotFound: application.html
07/07/2024 11:38:15 PM ERROR      session.database: application.html
Traceback (most recent call last):
  File "/fastapi/server/application/src/core/database/session.py", line 24, in database
    yield database
  File "/usr/local/lib/python3.9/site-packages/fastapi/routing.py", line 278, in app
    raw_response = await run_endpoint_function(
  File "/usr/local/lib/python3.9/site-packages/fastapi/routing.py", line 191, in run_endpoint_function
    return await dependant.call(**values)
  File "/fastapi/server/application/src/api/v1/routers/modules/view.py", line 20, in root
    return template.TemplateResponse(
  File "/usr/local/lib/python3.9/site-packages/starlette/templating.py", line 229, in TemplateResponse
    template = self.get_template(name)
  File "/usr/local/lib/python3.9/site-packages/starlette/templating.py", line 143, in get_template
    return self.env.get_template(name)
  File "/usr/local/lib/python3.9/site-packages/jinja2/environment.py", line 1013, in get_template
    return self._load_template(name, globals)
  File "/usr/local/lib/python3.9/site-packages/jinja2/environment.py", line 972, in _load_template
    template = self.loader.load(self, name, self.make_globals(globals))
  File "/usr/local/lib/python3.9/site-packages/jinja2/loaders.py", line 126, in load
    source, filename, uptodate = self.get_source(environment, name)
  File "/usr/local/lib/python3.9/site-packages/jinja2/loaders.py", line 207, in get_source
    raise TemplateNotFound(template)
jinja2.exceptions.TemplateNotFound: application.html
07/07/2024 11:38:16 PM ERROR      session.database: application.html
Traceback (most recent call last):
  File "/fastapi/server/application/src/core/database/session.py", line 24, in database
    yield database
  File "/usr/local/lib/python3.9/site-packages/fastapi/routing.py", line 278, in app
    raw_response = await run_endpoint_function(
  File "/usr/local/lib/python3.9/site-packages/fastapi/routing.py", line 191, in run_endpoint_function
    return await dependant.call(**values)
  File "/fastapi/server/application/src/api/v1/routers/modules/view.py", line 20, in root
    return template.TemplateResponse(
  File "/usr/local/lib/python3.9/site-packages/starlette/templating.py", line 229, in TemplateResponse
    template = self.get_template(name)
  File "/usr/local/lib/python3.9/site-packages/starlette/templating.py", line 143, in get_template
    return self.env.get_template(name)
  File "/usr/local/lib/python3.9/site-packages/jinja2/environment.py", line 1013, in get_template
    return self._load_template(name, globals)
  File "/usr/local/lib/python3.9/site-packages/jinja2/environment.py", line 972, in _load_template
    template = self.loader.load(self, name, self.make_globals(globals))
  File "/usr/local/lib/python3.9/site-packages/jinja2/loaders.py", line 126, in load
    source, filename, uptodate = self.get_source(environment, name)
  File "/usr/local/lib/python3.9/site-packages/jinja2/loaders.py", line 207, in get_source
    raise TemplateNotFound(template)
jinja2.exceptions.TemplateNotFound: application.html
07/07/2024 11:39:10 PM ERROR      session.database: application.html
Traceback (most recent call last):
  File "/fastapi/server/application/src/core/database/session.py", line 24, in database
    yield database
  File "/usr/local/lib/python3.9/site-packages/fastapi/routing.py", line 278, in app
    raw_response = await run_endpoint_function(
  File "/usr/local/lib/python3.9/site-packages/fastapi/routing.py", line 191, in run_endpoint_function
    return await dependant.call(**values)
  File "/fastapi/server/application/src/api/v1/routers/modules/view.py", line 20, in root
    return template.TemplateResponse(
  File "/usr/local/lib/python3.9/site-packages/starlette/templating.py", line 229, in TemplateResponse
    template = self.get_template(name)
  File "/usr/local/lib/python3.9/site-packages/starlette/templating.py", line 143, in get_template
    return self.env.get_template(name)
  File "/usr/local/lib/python3.9/site-packages/jinja2/environment.py", line 1013, in get_template
    return self._load_template(name, globals)
  File "/usr/local/lib/python3.9/site-packages/jinja2/environment.py", line 972, in _load_template
    template = self.loader.load(self, name, self.make_globals(globals))
  File "/usr/local/lib/python3.9/site-packages/jinja2/loaders.py", line 126, in load
    source, filename, uptodate = self.get_source(environment, name)
  File "/usr/local/lib/python3.9/site-packages/jinja2/loaders.py", line 207, in get_source
    raise TemplateNotFound(template)
jinja2.exceptions.TemplateNotFound: application.html
07/07/2024 11:39:11 PM ERROR      session.database: application.html
Traceback (most recent call last):
  File "/fastapi/server/application/src/core/database/session.py", line 24, in database
    yield database
  File "/usr/local/lib/python3.9/site-packages/fastapi/routing.py", line 278, in app
    raw_response = await run_endpoint_function(
  File "/usr/local/lib/python3.9/site-packages/fastapi/routing.py", line 191, in run_endpoint_function
    return await dependant.call(**values)
  File "/fastapi/server/application/src/api/v1/routers/modules/view.py", line 20, in root
    return template.TemplateResponse(
  File "/usr/local/lib/python3.9/site-packages/starlette/templating.py", line 229, in TemplateResponse
    template = self.get_template(name)
  File "/usr/local/lib/python3.9/site-packages/starlette/templating.py", line 143, in get_template
    return self.env.get_template(name)
  File "/usr/local/lib/python3.9/site-packages/jinja2/environment.py", line 1013, in get_template
    return self._load_template(name, globals)
  File "/usr/local/lib/python3.9/site-packages/jinja2/environment.py", line 972, in _load_template
    template = self.loader.load(self, name, self.make_globals(globals))
  File "/usr/local/lib/python3.9/site-packages/jinja2/loaders.py", line 126, in load
    source, filename, uptodate = self.get_source(environment, name)
  File "/usr/local/lib/python3.9/site-packages/jinja2/loaders.py", line 207, in get_source
    raise TemplateNotFound(template)
jinja2.exceptions.TemplateNotFound: application.html
07/07/2024 11:39:39 PM INFO       log.<module>: Inicializado.
07/07/2024 11:39:39 PM INFO       __init__.<module>: True	<PGInspector>
07/07/2024 11:39:39 PM INFO       __init__.<module>: True	<UserRoles>
07/07/2024 11:39:39 PM INFO       __init__.<module>: True	<UserProfiles>
07/07/2024 11:39:39 PM INFO       __init__.<module>: True	<UserAccounts>
07/07/2024 11:39:39 PM INFO       __init__.<module>: True	<Comments>
07/07/2024 11:39:39 PM INFO       __init__.<module>: True	<Uploads>
07/07/2024 11:39:39 PM INFO       __init__.<module>: True	<Modules>
07/07/2024 11:39:39 PM INFO       __init__.<module>: True	<UserActions>
07/07/2024 11:39:39 PM INFO       __init__.<module>: True	<Resources>
07/07/2024 11:39:39 PM INFO       __init__.<module>: True	<ViewsControlAccess>
07/07/2024 11:40:45 PM INFO       log.<module>: Inicializado.
07/07/2024 11:40:45 PM INFO       __init__.<module>: True	<PGInspector>
07/07/2024 11:40:45 PM INFO       __init__.<module>: True	<UserRoles>
07/07/2024 11:40:45 PM INFO       __init__.<module>: True	<UserProfiles>
07/07/2024 11:40:45 PM INFO       __init__.<module>: True	<UserAccounts>
07/07/2024 11:40:45 PM INFO       __init__.<module>: True	<Comments>
07/07/2024 11:40:45 PM INFO       __init__.<module>: True	<Uploads>
07/07/2024 11:40:45 PM INFO       __init__.<module>: True	<Modules>
07/07/2024 11:40:45 PM INFO       __init__.<module>: True	<UserActions>
07/07/2024 11:40:45 PM INFO       __init__.<module>: True	<Resources>
07/07/2024 11:40:45 PM INFO       __init__.<module>: True	<ViewsControlAccess>
07/07/2024 11:41:53 PM INFO       log.<module>: Inicializado.
07/07/2024 11:41:54 PM INFO       __init__.<module>: True	<PGInspector>
07/07/2024 11:41:54 PM INFO       __init__.<module>: True	<UserRoles>
07/07/2024 11:41:54 PM INFO       __init__.<module>: True	<UserProfiles>
07/07/2024 11:41:54 PM INFO       __init__.<module>: True	<UserAccounts>
07/07/2024 11:41:54 PM INFO       __init__.<module>: True	<Comments>
07/07/2024 11:41:54 PM INFO       __init__.<module>: True	<Uploads>
07/07/2024 11:41:54 PM INFO       __init__.<module>: True	<Modules>
07/07/2024 11:41:54 PM INFO       __init__.<module>: True	<UserActions>
07/07/2024 11:41:54 PM INFO       __init__.<module>: True	<Resources>
07/07/2024 11:41:54 PM INFO       __init__.<module>: True	<ViewsControlAccess>
